<?xml version="1.0" encoding="UTF-8"?>
<!-- Generated by org.testng.reporters.JUnitXMLReporter -->
<testsuite ignored="0" hostname="LAPTOP-TULVQT4V" failures="1" tests="1" name="Command line test" time="0.057" errors="0" timestamp="2021-06-28T04:54:29 CEST">
  <testcase classname="selenium.BasePageTest" name="@BeforeTest prepareTestEnv" time="-1.624848869452E9">
    <failure type="org.testng.TestNGException" message="
Parameter &amp;apos;browser&amp;apos; is required by BeforeTest on method prepareTestEnv but has not been marked @Optional or defined
">
      <![CDATA[org.testng.TestNGException: 
Parameter 'browser' is required by BeforeTest on method prepareTestEnv but has not been marked @Optional or defined

... Removed 30 stack frames]]>
    </failure>
  </testcase> <!-- @BeforeTest prepareTestEnv -->
  <testcase classname="selenium.BasePageTest" name="@AfterClass endingAllTests" time="-1.6248488695E9">
    <skipped/>
  </testcase> <!-- @AfterClass endingAllTests -->
  <testcase classname="selenium.BasePageTest" name="winningGameForFirstPlayer" time="0.0">
    <failure type="org.testng.TestNGException" message="
Parameter &amp;apos;player1&amp;apos; is required by @Test on method winningGameForFirstPlayer but has not been marked @Optional or defined
">
      <![CDATA[org.testng.TestNGException: 
Parameter 'player1' is required by @Test on method winningGameForFirstPlayer but has not been marked @Optional or defined

at java.base/java.util.ArrayList.forEach(ArrayList.java:1540)
... Removed 35 stack frames]]>
    </failure>
  </testcase> <!-- winningGameForFirstPlayer -->
</testsuite> <!-- Command line test -->
