<?xml version="1.0" encoding="UTF-8"?>
<!-- Generated by org.testng.reporters.JUnitXMLReporter -->
<testsuite hostname="LAPTOP-TULVQT4V" failures="0" tests="0" time="0.017" errors="0" timestamp="27 Jun 2021 16:51:35 GMT">
  <testcase classname="BasePageTest" name="@BeforeTest prepareTestEnv" time="0.0">
    <failure type="org.testng.TestNGException" message="
Parameter &amp;apos;browser&amp;apos; is required by @Configuration on method prepareTestEnv but has not been marked @Optional or defined
">
      <![CDATA[org.testng.TestNGException: 
Parameter 'browser' is required by @Configuration on method prepareTestEnv but has not been marked @Optional or defined

... Removed 28 stack frames]]>
    </failure>
  </testcase> <!-- @BeforeTest prepareTestEnv -->
</testsuite>
